<?xml version="1.0" encoding="UTF-8"?>
<!-- Generated by org.testng.reporters.JUnitReportReporter -->
<testsuite skipped="0" hostname="sys" name="stepDefination.testBase" tests="1" failures="0" timestamp="2020-05-06T10:33:10 IST" time="49.372" errors="0">
  <testcase name="browserInitializer" time="49.372" classname="stepDefination.testBase"/>
  <system-out/>
</testsuite> <!-- stepDefination.testBase -->
